[ 2017-03-20T12:12:39+08:00 ] 127.0.0.1 /
INFO: [ app_init ] --START--
INFO: Run Behavior\BuildLiteBehavior [ RunTime:0.000085s ]
INFO: [ app_init ] --END-- [ RunTime:0.022966s ]

[ 2017-03-20T12:12:40+08:00 ] 127.0.0.1 /index.php/Home/Login/index.html
INFO: [ app_init ] --START--
INFO: Run Behavior\BuildLiteBehavior [ RunTime:0.000073s ]
INFO: [ app_init ] --END-- [ RunTime:0.001064s ]

[ 2017-03-20T12:13:05+08:00 ] 127.0.0.1 /index.php/Home/Login/handle.html
INFO: [ app_init ] --START--
INFO: Run Behavior\BuildLiteBehavior [ RunTime:0.000071s ]
INFO: [ app_init ] --END-- [ RunTime:0.000869s ]

[ 2017-03-20T12:13:05+08:00 ] 127.0.0.1 /index.php/Home/Index/Index.html
INFO: [ app_init ] --START--
INFO: Run Behavior\BuildLiteBehavior [ RunTime:0.000078s ]
INFO: [ app_init ] --END-- [ RunTime:0.001006s ]

[ 2017-03-20T12:13:10+08:00 ] 127.0.0.1 /index.php/Home/Score/index.html
INFO: [ app_init ] --START--
INFO: Run Behavior\BuildLiteBehavior [ RunTime:0.000077s ]
INFO: [ app_init ] --END-- [ RunTime:0.001233s ]

[ 2017-03-20T12:13:16+08:00 ] 127.0.0.1 /index.php/Home/Score/handle
INFO: [ app_init ] --START--
INFO: Run Behavior\BuildLiteBehavior [ RunTime:0.000062s ]
INFO: [ app_init ] --END-- [ RunTime:0.000847s ]
INFO: [ app_begin ] --START--
INFO: Run Behavior\ReadHtmlCacheBehavior [ RunTime:0.000804s ]
INFO: [ app_begin ] --END-- [ RunTime:0.001123s ]

[ 2017-03-20T12:13:24+08:00 ] 127.0.0.1 /index.php/Home/Score/handle
INFO: [ app_init ] --START--
INFO: Run Behavior\BuildLiteBehavior [ RunTime:0.000068s ]
INFO: [ app_init ] --END-- [ RunTime:0.000925s ]
INFO: [ app_begin ] --START--
INFO: Run Behavior\ReadHtmlCacheBehavior [ RunTime:0.001054s ]
INFO: [ app_begin ] --END-- [ RunTime:0.001366s ]

[ 2017-03-20T12:13:31+08:00 ] 127.0.0.1 /index.php/Home/Score/handle
INFO: [ app_init ] --START--
INFO: Run Behavior\BuildLiteBehavior [ RunTime:0.000045s ]
INFO: [ app_init ] --END-- [ RunTime:0.000613s ]
INFO: [ app_begin ] --START--
INFO: Run Behavior\ReadHtmlCacheBehavior [ RunTime:0.000753s ]
INFO: [ app_begin ] --END-- [ RunTime:0.000969s ]

[ 2017-03-20T12:14:07+08:00 ] 127.0.0.1 /index.php/Home/Score/handle
INFO: [ app_init ] --START--
INFO: Run Behavior\BuildLiteBehavior [ RunTime:0.000129s ]
INFO: [ app_init ] --END-- [ RunTime:0.000977s ]
INFO: [ app_begin ] --START--
INFO: Run Behavior\ReadHtmlCacheBehavior [ RunTime:0.001035s ]
INFO: [ app_begin ] --END-- [ RunTime:0.001309s ]

[ 2017-03-20T12:14:27+08:00 ] 127.0.0.1 /index.php/Home/Score/index.html
INFO: [ app_init ] --START--
INFO: Run Behavior\BuildLiteBehavior [ RunTime:0.000073s ]
INFO: [ app_init ] --END-- [ RunTime:0.001017s ]

[ 2017-03-20T12:14:48+08:00 ] 127.0.0.1 /index.php/Home/Score/handle
INFO: [ app_init ] --START--
INFO: Run Behavior\BuildLiteBehavior [ RunTime:0.000060s ]
INFO: [ app_init ] --END-- [ RunTime:0.000996s ]
INFO: [ app_begin ] --START--
INFO: Run Behavior\ReadHtmlCacheBehavior [ RunTime:0.000675s ]
INFO: [ app_begin ] --END-- [ RunTime:0.000883s ]

[ 2017-03-20T12:14:55+08:00 ] 127.0.0.1 /index.php/Home/Score/handle
INFO: [ app_init ] --START--
INFO: Run Behavior\BuildLiteBehavior [ RunTime:0.000070s ]
INFO: [ app_init ] --END-- [ RunTime:0.001005s ]
INFO: [ app_begin ] --START--
INFO: Run Behavior\ReadHtmlCacheBehavior [ RunTime:0.001304s ]
INFO: [ app_begin ] --END-- [ RunTime:0.001688s ]

[ 2017-03-20T12:15:05+08:00 ] 127.0.0.1 /index.php/Home/Score/handle
INFO: [ app_init ] --START--
INFO: Run Behavior\BuildLiteBehavior [ RunTime:0.000065s ]
INFO: [ app_init ] --END-- [ RunTime:0.001006s ]
INFO: [ app_begin ] --START--
INFO: Run Behavior\ReadHtmlCacheBehavior [ RunTime:0.000666s ]
INFO: [ app_begin ] --END-- [ RunTime:0.000876s ]

[ 2017-03-20T12:15:14+08:00 ] 127.0.0.1 /index.php/Home/Score/handle
INFO: [ app_init ] --START--
INFO: Run Behavior\BuildLiteBehavior [ RunTime:0.000057s ]
INFO: [ app_init ] --END-- [ RunTime:0.001982s ]
INFO: [ app_begin ] --START--
INFO: Run Behavior\ReadHtmlCacheBehavior [ RunTime:0.000824s ]
INFO: [ app_begin ] --END-- [ RunTime:0.001023s ]

[ 2017-03-20T12:15:52+08:00 ] 127.0.0.1 /index.php/Home/Index/Index.html
INFO: [ app_init ] --START--
INFO: Run Behavior\BuildLiteBehavior [ RunTime:0.000080s ]
INFO: [ app_init ] --END-- [ RunTime:0.001484s ]

[ 2017-03-20T12:16:06+08:00 ] 127.0.0.1 /index.php/Home/Score/index.html
INFO: [ app_init ] --START--
INFO: Run Behavior\BuildLiteBehavior [ RunTime:0.000079s ]
INFO: [ app_init ] --END-- [ RunTime:0.001521s ]

[ 2017-03-20T12:16:17+08:00 ] 127.0.0.1 /index.php/Home/Score/handle
INFO: [ app_init ] --START--
INFO: Run Behavior\BuildLiteBehavior [ RunTime:0.000078s ]
INFO: [ app_init ] --END-- [ RunTime:0.000880s ]
INFO: [ app_begin ] --START--
INFO: Run Behavior\ReadHtmlCacheBehavior [ RunTime:0.002450s ]
INFO: [ app_begin ] --END-- [ RunTime:0.002745s ]

[ 2017-03-20T12:16:26+08:00 ] 127.0.0.1 /index.php/Home/Score/handle
INFO: [ app_init ] --START--
INFO: Run Behavior\BuildLiteBehavior [ RunTime:0.000054s ]
INFO: [ app_init ] --END-- [ RunTime:0.001169s ]
INFO: [ app_begin ] --START--
INFO: Run Behavior\ReadHtmlCacheBehavior [ RunTime:0.000824s ]
INFO: [ app_begin ] --END-- [ RunTime:0.001064s ]

[ 2017-03-20T20:16:05+08:00 ] 127.0.0.1 /
INFO: [ app_init ] --START--
INFO: Run Behavior\BuildLiteBehavior [ RunTime:0.000058s ]
INFO: [ app_init ] --END-- [ RunTime:0.016119s ]

[ 2017-03-20T20:16:06+08:00 ] 127.0.0.1 /index.php/Home/Login/index.html
INFO: [ app_init ] --START--
INFO: Run Behavior\BuildLiteBehavior [ RunTime:0.000068s ]
INFO: [ app_init ] --END-- [ RunTime:0.001034s ]

[ 2017-03-20T20:18:28+08:00 ] 127.0.0.1 /
INFO: [ app_init ] --START--
INFO: Run Behavior\BuildLiteBehavior [ RunTime:0.000050s ]
INFO: [ app_init ] --END-- [ RunTime:0.001131s ]

[ 2017-03-20T20:18:28+08:00 ] 127.0.0.1 /index.php/Home/Login/index.html
INFO: [ app_init ] --START--
INFO: Run Behavior\BuildLiteBehavior [ RunTime:0.000060s ]
INFO: [ app_init ] --END-- [ RunTime:0.000935s ]

[ 2017-03-20T20:18:46+08:00 ] 127.0.0.1 /index.php/Home/Login/handle.html
INFO: [ app_init ] --START--
INFO: Run Behavior\BuildLiteBehavior [ RunTime:0.000052s ]
INFO: [ app_init ] --END-- [ RunTime:0.000716s ]

[ 2017-03-20T20:18:46+08:00 ] 127.0.0.1 /index.php/Home/Index/Index.html
INFO: [ app_init ] --START--
INFO: Run Behavior\BuildLiteBehavior [ RunTime:0.000068s ]
INFO: [ app_init ] --END-- [ RunTime:0.000674s ]

[ 2017-03-20T20:20:18+08:00 ] 127.0.0.1 /index.php/Home/Index/Index.html
INFO: [ app_init ] --START--
INFO: Run Behavior\BuildLiteBehavior [ RunTime:0.000072s ]
INFO: [ app_init ] --END-- [ RunTime:0.002149s ]

[ 2017-03-20T20:20:20+08:00 ] 127.0.0.1 /index.php/Home/CSchedule/index.html
INFO: [ app_init ] --START--
INFO: Run Behavior\BuildLiteBehavior [ RunTime:0.000069s ]
INFO: [ app_init ] --END-- [ RunTime:0.001159s ]

[ 2017-03-20T20:24:22+08:00 ] 127.0.0.1 /index.php/Home/CSchedule/index.html
INFO: [ app_init ] --START--
INFO: Run Behavior\BuildLiteBehavior [ RunTime:0.000049s ]
INFO: [ app_init ] --END-- [ RunTime:0.000914s ]

[ 2017-03-20T20:24:25+08:00 ] 127.0.0.1 /index.php/Home/CSchedule/personkb.html
INFO: [ app_init ] --START--
INFO: Run Behavior\BuildLiteBehavior [ RunTime:0.000072s ]
INFO: [ app_init ] --END-- [ RunTime:0.001173s ]

[ 2017-03-20T20:25:24+08:00 ] 127.0.0.1 /index.php/Home/CSchedule/personkb.html
INFO: [ app_init ] --START--
INFO: Run Behavior\BuildLiteBehavior [ RunTime:0.000061s ]
INFO: [ app_init ] --END-- [ RunTime:0.001103s ]
ERR: 模板不存在:./Application/Home/View/CSchedule_personkb.html

[ 2017-03-20T20:26:23+08:00 ] 127.0.0.1 /index.php/Home/CSchedule/personkb.html
INFO: [ app_init ] --START--
INFO: Run Behavior\BuildLiteBehavior [ RunTime:0.000054s ]
INFO: [ app_init ] --END-- [ RunTime:0.000941s ]

[ 2017-03-20T20:29:01+08:00 ] 127.0.0.1 /index.php/Home/CSchedule/personkb.html
INFO: [ app_init ] --START--
INFO: Run Behavior\BuildLiteBehavior [ RunTime:0.000082s ]
INFO: [ app_init ] --END-- [ RunTime:0.001108s ]

[ 2017-03-20T20:36:06+08:00 ] 127.0.0.1 /index.php/Home/CSchedule/personkb.html
INFO: [ app_init ] --START--
INFO: Run Behavior\BuildLiteBehavior [ RunTime:0.000062s ]
INFO: [ app_init ] --END-- [ RunTime:0.000952s ]

[ 2017-03-20T20:36:33+08:00 ] 127.0.0.1 /index.php/Home/CSchedule/personkb.html
INFO: [ app_init ] --START--
INFO: Run Behavior\BuildLiteBehavior [ RunTime:0.000145s ]
INFO: [ app_init ] --END-- [ RunTime:0.001475s ]

[ 2017-03-20T20:38:23+08:00 ] 127.0.0.1 /index.php/Home/CSchedule/personkb.html
INFO: [ app_init ] --START--
INFO: Run Behavior\BuildLiteBehavior [ RunTime:0.000071s ]
INFO: [ app_init ] --END-- [ RunTime:0.001356s ]

[ 2017-03-20T20:38:25+08:00 ] 127.0.0.1 /index.php/Home/CSchedule/personkb.html
INFO: [ app_init ] --START--
INFO: Run Behavior\BuildLiteBehavior [ RunTime:0.000068s ]
INFO: [ app_init ] --END-- [ RunTime:0.001336s ]

[ 2017-03-20T20:39:17+08:00 ] 127.0.0.1 /index.php/Home/CSchedule/personkb.html
INFO: [ app_init ] --START--
INFO: Run Behavior\BuildLiteBehavior [ RunTime:0.000071s ]
INFO: [ app_init ] --END-- [ RunTime:0.001050s ]

[ 2017-03-20T20:40:26+08:00 ] 127.0.0.1 /index.php/Home/CSchedule/personkb.html
INFO: [ app_init ] --START--
INFO: Run Behavior\BuildLiteBehavior [ RunTime:0.000080s ]
INFO: [ app_init ] --END-- [ RunTime:0.001041s ]

[ 2017-03-20T20:41:43+08:00 ] 127.0.0.1 /index.php/Home/CSchedule/personkb.html
INFO: [ app_init ] --START--
INFO: Run Behavior\BuildLiteBehavior [ RunTime:0.000074s ]
INFO: [ app_init ] --END-- [ RunTime:0.001484s ]

[ 2017-03-20T20:41:53+08:00 ] 127.0.0.1 /index.php/Home/CSchedule/personkb.html
INFO: [ app_init ] --START--
INFO: Run Behavior\BuildLiteBehavior [ RunTime:0.000047s ]
INFO: [ app_init ] --END-- [ RunTime:0.000612s ]

[ 2017-03-20T20:41:55+08:00 ] 127.0.0.1 /index.php/Home/CSchedule/personkb.html
INFO: [ app_init ] --START--
INFO: Run Behavior\BuildLiteBehavior [ RunTime:0.000046s ]
INFO: [ app_init ] --END-- [ RunTime:0.000711s ]

[ 2017-03-20T20:41:57+08:00 ] 127.0.0.1 /index.php/Home/CSchedule/personkb.html
INFO: [ app_init ] --START--
INFO: Run Behavior\BuildLiteBehavior [ RunTime:0.000083s ]
INFO: [ app_init ] --END-- [ RunTime:0.001096s ]

[ 2017-03-20T20:42:06+08:00 ] 127.0.0.1 /index.php/Home/CSchedule/personkb.html
INFO: [ app_init ] --START--
INFO: Run Behavior\BuildLiteBehavior [ RunTime:0.000046s ]
INFO: [ app_init ] --END-- [ RunTime:0.000690s ]

[ 2017-03-20T20:42:07+08:00 ] 127.0.0.1 /index.php/Home/Login/index.html
INFO: [ app_init ] --START--
INFO: Run Behavior\BuildLiteBehavior [ RunTime:0.000048s ]
INFO: [ app_init ] --END-- [ RunTime:0.000719s ]

[ 2017-03-20T20:42:24+08:00 ] 127.0.0.1 /index.php/Home/Login/handle.html
INFO: [ app_init ] --START--
INFO: Run Behavior\BuildLiteBehavior [ RunTime:0.000046s ]
INFO: [ app_init ] --END-- [ RunTime:0.000678s ]

[ 2017-03-20T20:42:24+08:00 ] 127.0.0.1 /index.php/Home/Index/Index.html
INFO: [ app_init ] --START--
INFO: Run Behavior\BuildLiteBehavior [ RunTime:0.000211s ]
INFO: [ app_init ] --END-- [ RunTime:0.001070s ]

[ 2017-03-20T20:42:25+08:00 ] 127.0.0.1 /index.php/Home/CSchedule/index.html
INFO: [ app_init ] --START--
INFO: Run Behavior\BuildLiteBehavior [ RunTime:0.000049s ]
INFO: [ app_init ] --END-- [ RunTime:0.000627s ]

[ 2017-03-20T20:42:26+08:00 ] 127.0.0.1 /index.php/Home/CSchedule/personkb.html
INFO: [ app_init ] --START--
INFO: Run Behavior\BuildLiteBehavior [ RunTime:0.000073s ]
INFO: [ app_init ] --END-- [ RunTime:0.001210s ]

[ 2017-03-20T20:43:23+08:00 ] 127.0.0.1 /index.php/Home/CSchedule/personkb.html
INFO: [ app_init ] --START--
INFO: Run Behavior\BuildLiteBehavior [ RunTime:0.000067s ]
INFO: [ app_init ] --END-- [ RunTime:0.000996s ]

[ 2017-03-20T20:43:45+08:00 ] 127.0.0.1 /index.php/Home/CSchedule/personkb.html
INFO: [ app_init ] --START--
INFO: Run Behavior\BuildLiteBehavior [ RunTime:0.000046s ]
INFO: [ app_init ] --END-- [ RunTime:0.000653s ]

[ 2017-03-20T20:43:45+08:00 ] 127.0.0.1 /index.php/Home/Login/index.html
INFO: [ app_init ] --START--
INFO: Run Behavior\BuildLiteBehavior [ RunTime:0.000052s ]
INFO: [ app_init ] --END-- [ RunTime:0.000714s ]

[ 2017-03-20T20:44:20+08:00 ] 127.0.0.1 /index.php/Home/Login/index.html
INFO: [ app_init ] --START--
INFO: Run Behavior\BuildLiteBehavior [ RunTime:0.000047s ]
INFO: [ app_init ] --END-- [ RunTime:0.000711s ]

[ 2017-03-20T20:44:38+08:00 ] 127.0.0.1 /index.php/Home/Login/handle.html
INFO: [ app_init ] --START--
INFO: Run Behavior\BuildLiteBehavior [ RunTime:0.000080s ]
INFO: [ app_init ] --END-- [ RunTime:0.001300s ]

[ 2017-03-20T20:44:38+08:00 ] 127.0.0.1 /index.php/Home/Index/Index.html
INFO: [ app_init ] --START--
INFO: Run Behavior\BuildLiteBehavior [ RunTime:0.000045s ]
INFO: [ app_init ] --END-- [ RunTime:0.000628s ]

[ 2017-03-20T20:44:40+08:00 ] 127.0.0.1 /index.php/Home/CSchedule/index.html
INFO: [ app_init ] --START--
INFO: Run Behavior\BuildLiteBehavior [ RunTime:0.000046s ]
INFO: [ app_init ] --END-- [ RunTime:0.000727s ]

[ 2017-03-20T20:44:42+08:00 ] 127.0.0.1 /index.php/Home/CSchedule/personkb.html
INFO: [ app_init ] --START--
INFO: Run Behavior\BuildLiteBehavior [ RunTime:0.000048s ]
INFO: [ app_init ] --END-- [ RunTime:0.000641s ]

[ 2017-03-20T20:47:26+08:00 ] 127.0.0.1 /index.php/Home/CSchedule/personkb.html
INFO: [ app_init ] --START--
INFO: Run Behavior\BuildLiteBehavior [ RunTime:0.000051s ]
INFO: [ app_init ] --END-- [ RunTime:0.000921s ]

[ 2017-03-20T20:48:02+08:00 ] 127.0.0.1 /index.php/Home/CSchedule/personkb.html
INFO: [ app_init ] --START--
INFO: Run Behavior\BuildLiteBehavior [ RunTime:0.000075s ]
INFO: [ app_init ] --END-- [ RunTime:0.003568s ]

[ 2017-03-20T20:48:48+08:00 ] 127.0.0.1 /index.php/Home/CSchedule/personkb.html
INFO: [ app_init ] --START--
INFO: Run Behavior\BuildLiteBehavior [ RunTime:0.000061s ]
INFO: [ app_init ] --END-- [ RunTime:0.001178s ]

[ 2017-03-20T20:49:13+08:00 ] 127.0.0.1 /index.php/Home/CSchedule/personkb.html
INFO: [ app_init ] --START--
INFO: Run Behavior\BuildLiteBehavior [ RunTime:0.000074s ]
INFO: [ app_init ] --END-- [ RunTime:0.001144s ]

[ 2017-03-20T21:16:18+08:00 ] 127.0.0.1 /index.php/Home/CSchedule/personkb.html
INFO: [ app_init ] --START--
INFO: Run Behavior\BuildLiteBehavior [ RunTime:0.000059s ]
INFO: [ app_init ] --END-- [ RunTime:0.000905s ]

[ 2017-03-20T21:16:49+08:00 ] 127.0.0.1 /index.php/Home/CSchedule/personkb.html
INFO: [ app_init ] --START--
INFO: Run Behavior\BuildLiteBehavior [ RunTime:0.000080s ]
INFO: [ app_init ] --END-- [ RunTime:0.000980s ]

[ 2017-03-20T21:17:39+08:00 ] 127.0.0.1 /index.php/Home/CSchedule/personkb.html
INFO: [ app_init ] --START--
INFO: Run Behavior\BuildLiteBehavior [ RunTime:0.000071s ]
INFO: [ app_init ] --END-- [ RunTime:0.001073s ]

[ 2017-03-20T21:18:03+08:00 ] 127.0.0.1 /index.php/Home/CSchedule/personkb.html
INFO: [ app_init ] --START--
INFO: Run Behavior\BuildLiteBehavior [ RunTime:0.000059s ]
INFO: [ app_init ] --END-- [ RunTime:0.000705s ]

[ 2017-03-20T21:31:02+08:00 ] 127.0.0.1 /index.php/Home/CSchedule/personkb.html
INFO: [ app_init ] --START--
INFO: Run Behavior\BuildLiteBehavior [ RunTime:0.000057s ]
INFO: [ app_init ] --END-- [ RunTime:0.001487s ]

[ 2017-03-20T21:33:43+08:00 ] 127.0.0.1 /index.php/Home/CSchedule/personkb.html
INFO: [ app_init ] --START--
INFO: Run Behavior\BuildLiteBehavior [ RunTime:0.000062s ]
INFO: [ app_init ] --END-- [ RunTime:0.001012s ]

[ 2017-03-20T21:37:41+08:00 ] 127.0.0.1 /index.php/Home/CSchedule/personkb.html
INFO: [ app_init ] --START--
INFO: Run Behavior\BuildLiteBehavior [ RunTime:0.000074s ]
INFO: [ app_init ] --END-- [ RunTime:0.001769s ]

[ 2017-03-20T21:41:16+08:00 ] 127.0.0.1 /index.php/Home/CSchedule/personkb.html
INFO: [ app_init ] --START--
INFO: Run Behavior\BuildLiteBehavior [ RunTime:0.000076s ]
INFO: [ app_init ] --END-- [ RunTime:0.001281s ]

[ 2017-03-20T21:41:57+08:00 ] 127.0.0.1 /index.php/Home/CSchedule/personkb.html
INFO: [ app_init ] --START--
INFO: Run Behavior\BuildLiteBehavior [ RunTime:0.000070s ]
INFO: [ app_init ] --END-- [ RunTime:0.001085s ]

[ 2017-03-20T21:41:57+08:00 ] 127.0.0.1 /index.php/Home/CSchedule/personkb.html
INFO: [ app_init ] --START--
INFO: Run Behavior\BuildLiteBehavior [ RunTime:0.000085s ]
INFO: [ app_init ] --END-- [ RunTime:0.001160s ]

[ 2017-03-20T21:42:06+08:00 ] 127.0.0.1 /index.php/Home/CSchedule/personkb.html
INFO: [ app_init ] --START--
INFO: Run Behavior\BuildLiteBehavior [ RunTime:0.000063s ]
INFO: [ app_init ] --END-- [ RunTime:0.000968s ]

[ 2017-03-20T21:42:07+08:00 ] 127.0.0.1 /index.php/Home/CSchedule/personkb.html
INFO: [ app_init ] --START--
INFO: Run Behavior\BuildLiteBehavior [ RunTime:0.000066s ]
INFO: [ app_init ] --END-- [ RunTime:0.000904s ]

[ 2017-03-20T21:42:13+08:00 ] 127.0.0.1 /index.php/Home/CSchedule/personkb.html
INFO: [ app_init ] --START--
INFO: Run Behavior\BuildLiteBehavior [ RunTime:0.000045s ]
INFO: [ app_init ] --END-- [ RunTime:0.000600s ]

[ 2017-03-20T21:43:25+08:00 ] 127.0.0.1 /index.php/Home/CSchedule/personkb.html
INFO: [ app_init ] --START--
INFO: Run Behavior\BuildLiteBehavior [ RunTime:0.000051s ]
INFO: [ app_init ] --END-- [ RunTime:0.000631s ]

[ 2017-03-20T21:44:37+08:00 ] 127.0.0.1 /index.php/Home/CSchedule/personkb.html
INFO: [ app_init ] --START--
INFO: Run Behavior\BuildLiteBehavior [ RunTime:0.000066s ]
INFO: [ app_init ] --END-- [ RunTime:0.001113s ]

[ 2017-03-20T21:44:39+08:00 ] 127.0.0.1 /index.php/Home/CSchedule/personkb.html
INFO: [ app_init ] --START--
INFO: Run Behavior\BuildLiteBehavior [ RunTime:0.000046s ]
INFO: [ app_init ] --END-- [ RunTime:0.000673s ]

[ 2017-03-20T21:46:01+08:00 ] 127.0.0.1 /index.php/Home/CSchedule/personkb.html
INFO: [ app_init ] --START--
INFO: Run Behavior\BuildLiteBehavior [ RunTime:0.000073s ]
INFO: [ app_init ] --END-- [ RunTime:0.001133s ]

[ 2017-03-20T21:47:33+08:00 ] 127.0.0.1 /index.php/Home/CSchedule/personkb.html
INFO: [ app_init ] --START--
INFO: Run Behavior\BuildLiteBehavior [ RunTime:0.000064s ]
INFO: [ app_init ] --END-- [ RunTime:0.000852s ]

[ 2017-03-20T21:47:51+08:00 ] 127.0.0.1 /index.php/Home/CSchedule/personkb.html
INFO: [ app_init ] --START--
INFO: Run Behavior\BuildLiteBehavior [ RunTime:0.000066s ]
INFO: [ app_init ] --END-- [ RunTime:0.000854s ]

[ 2017-03-20T21:49:01+08:00 ] 127.0.0.1 /
INFO: [ app_init ] --START--
INFO: Run Behavior\BuildLiteBehavior [ RunTime:0.000046s ]
INFO: [ app_init ] --END-- [ RunTime:0.000659s ]

[ 2017-03-20T21:49:01+08:00 ] 127.0.0.1 /index.php/Home/Login/index.html
INFO: [ app_init ] --START--
INFO: Run Behavior\BuildLiteBehavior [ RunTime:0.000053s ]
INFO: [ app_init ] --END-- [ RunTime:0.000761s ]

[ 2017-03-20T21:49:26+08:00 ] 127.0.0.1 /index.php/Home/Login/handle.html
INFO: [ app_init ] --START--
INFO: Run Behavior\BuildLiteBehavior [ RunTime:0.000045s ]
INFO: [ app_init ] --END-- [ RunTime:0.000625s ]

[ 2017-03-20T21:49:26+08:00 ] 127.0.0.1 /index.php/Home/Index/Index.html
INFO: [ app_init ] --START--
INFO: Run Behavior\BuildLiteBehavior [ RunTime:0.000062s ]
INFO: [ app_init ] --END-- [ RunTime:0.000655s ]

[ 2017-03-20T21:49:27+08:00 ] 127.0.0.1 /index.php/Home/CSchedule/index.html
INFO: [ app_init ] --START--
INFO: Run Behavior\BuildLiteBehavior [ RunTime:0.000055s ]
INFO: [ app_init ] --END-- [ RunTime:0.000742s ]

[ 2017-03-20T21:49:28+08:00 ] 127.0.0.1 /index.php/Home/CSchedule/personkb.html
INFO: [ app_init ] --START--
INFO: Run Behavior\BuildLiteBehavior [ RunTime:0.000056s ]
INFO: [ app_init ] --END-- [ RunTime:0.000630s ]

[ 2017-03-20T21:51:11+08:00 ] 127.0.0.1 /index.php/Home/CSchedule/personkb.html
INFO: [ app_init ] --START--
INFO: Run Behavior\BuildLiteBehavior [ RunTime:0.000068s ]
INFO: [ app_init ] --END-- [ RunTime:0.000812s ]

[ 2017-03-20T21:51:23+08:00 ] 127.0.0.1 /index.php/Home/Index/Index.html
INFO: [ app_init ] --START--
INFO: Run Behavior\BuildLiteBehavior [ RunTime:0.000047s ]
INFO: [ app_init ] --END-- [ RunTime:0.000685s ]

[ 2017-03-20T21:51:25+08:00 ] 127.0.0.1 /index.php/Home/Score/index.html
INFO: [ app_init ] --START--
INFO: Run Behavior\BuildLiteBehavior [ RunTime:0.000047s ]
INFO: [ app_init ] --END-- [ RunTime:0.000707s ]

[ 2017-03-20T21:51:32+08:00 ] 127.0.0.1 /index.php/Home/Score/handle
INFO: [ app_init ] --START--
INFO: Run Behavior\BuildLiteBehavior [ RunTime:0.000052s ]
INFO: [ app_init ] --END-- [ RunTime:0.000772s ]
INFO: [ app_begin ] --START--
INFO: Run Behavior\ReadHtmlCacheBehavior [ RunTime:0.000989s ]
INFO: [ app_begin ] --END-- [ RunTime:0.001268s ]

[ 2017-03-20T21:53:31+08:00 ] 127.0.0.1 /index.php/Home/CSchedule/index.html
INFO: [ app_init ] --START--
INFO: Run Behavior\BuildLiteBehavior [ RunTime:0.000089s ]
INFO: [ app_init ] --END-- [ RunTime:0.001190s ]

[ 2017-03-20T21:53:52+08:00 ] 127.0.0.1 /index.php/Home/CSchedule/personkb.html
INFO: [ app_init ] --START--
INFO: Run Behavior\BuildLiteBehavior [ RunTime:0.000067s ]
INFO: [ app_init ] --END-- [ RunTime:0.000963s ]

[ 2017-03-20T21:55:08+08:00 ] 127.0.0.1 /index.php/Home/CSchedule/personkb.html
INFO: [ app_init ] --START--
INFO: Run Behavior\BuildLiteBehavior [ RunTime:0.000052s ]
INFO: [ app_init ] --END-- [ RunTime:0.001020s ]

[ 2017-03-20T21:55:16+08:00 ] 127.0.0.1 /index.php/Home/CSchedule/personkb.html
INFO: [ app_init ] --START--
INFO: Run Behavior\BuildLiteBehavior [ RunTime:0.000048s ]
INFO: [ app_init ] --END-- [ RunTime:0.000768s ]

[ 2017-03-20T22:02:42+08:00 ] 127.0.0.1 /index.php/Home/CSchedule/personkb.html
INFO: [ app_init ] --START--
INFO: Run Behavior\BuildLiteBehavior [ RunTime:0.000064s ]
INFO: [ app_init ] --END-- [ RunTime:0.001009s ]

[ 2017-03-20T22:02:56+08:00 ] 127.0.0.1 /index.php/Home/CSchedule/personkb.html
INFO: [ app_init ] --START--
INFO: Run Behavior\BuildLiteBehavior [ RunTime:0.000070s ]
INFO: [ app_init ] --END-- [ RunTime:0.000956s ]

[ 2017-03-20T22:09:53+08:00 ] 127.0.0.1 /index.php/Home/CSchedule/personkb.html
INFO: [ app_init ] --START--
INFO: Run Behavior\BuildLiteBehavior [ RunTime:0.000070s ]
INFO: [ app_init ] --END-- [ RunTime:0.003005s ]

[ 2017-03-20T22:14:31+08:00 ] 127.0.0.1 /index.php/Home/CSchedule/personkb.html
INFO: [ app_init ] --START--
INFO: Run Behavior\BuildLiteBehavior [ RunTime:0.000046s ]
INFO: [ app_init ] --END-- [ RunTime:0.000700s ]

[ 2017-03-20T22:16:03+08:00 ] 127.0.0.1 /index.php/Home/CSchedule/personkb.html
INFO: [ app_init ] --START--
INFO: Run Behavior\BuildLiteBehavior [ RunTime:0.000045s ]
INFO: [ app_init ] --END-- [ RunTime:0.000612s ]

[ 2017-03-20T22:16:26+08:00 ] 127.0.0.1 /index.php/Home/CSchedule/personkb.html
INFO: [ app_init ] --START--
INFO: Run Behavior\BuildLiteBehavior [ RunTime:0.000082s ]
INFO: [ app_init ] --END-- [ RunTime:0.001303s ]

[ 2017-03-20T22:16:41+08:00 ] 127.0.0.1 /index.php/Home/CSchedule/personkb.html
INFO: [ app_init ] --START--
INFO: Run Behavior\BuildLiteBehavior [ RunTime:0.000068s ]
INFO: [ app_init ] --END-- [ RunTime:0.001198s ]

[ 2017-03-20T22:18:26+08:00 ] 127.0.0.1 /index.php/Home/CSchedule/personkb.html
INFO: [ app_init ] --START--
INFO: Run Behavior\BuildLiteBehavior [ RunTime:0.000065s ]
INFO: [ app_init ] --END-- [ RunTime:0.001083s ]

[ 2017-03-20T22:20:15+08:00 ] 127.0.0.1 /index.php/Home/CSchedule/personkb.html
INFO: [ app_init ] --START--
INFO: Run Behavior\BuildLiteBehavior [ RunTime:0.000062s ]
INFO: [ app_init ] --END-- [ RunTime:0.000805s ]

[ 2017-03-20T22:20:23+08:00 ] 127.0.0.1 /index.php/Home/CSchedule/personkb.html
INFO: [ app_init ] --START--
INFO: Run Behavior\BuildLiteBehavior [ RunTime:0.000069s ]
INFO: [ app_init ] --END-- [ RunTime:0.000976s ]

[ 2017-03-20T22:20:33+08:00 ] 127.0.0.1 /index.php/Home/CSchedule/personkb.html
INFO: [ app_init ] --START--
INFO: Run Behavior\BuildLiteBehavior [ RunTime:0.000064s ]
INFO: [ app_init ] --END-- [ RunTime:0.000779s ]

[ 2017-03-20T22:20:37+08:00 ] 127.0.0.1 /index.php/Home/CSchedule/personkb.html
INFO: [ app_init ] --START--
INFO: Run Behavior\BuildLiteBehavior [ RunTime:0.000060s ]
INFO: [ app_init ] --END-- [ RunTime:0.000733s ]

[ 2017-03-20T22:21:16+08:00 ] 127.0.0.1 /index.php/Home/CSchedule/personkb.html
INFO: [ app_init ] --START--
INFO: Run Behavior\BuildLiteBehavior [ RunTime:0.000047s ]
INFO: [ app_init ] --END-- [ RunTime:0.000727s ]

[ 2017-03-20T22:21:37+08:00 ] 127.0.0.1 /index.php/Home/CSchedule/personkb.html
INFO: [ app_init ] --START--
INFO: Run Behavior\BuildLiteBehavior [ RunTime:0.000042s ]
INFO: [ app_init ] --END-- [ RunTime:0.000585s ]

[ 2017-03-20T22:22:02+08:00 ] 127.0.0.1 /index.php/Home/CSchedule/personkb.html
INFO: [ app_init ] --START--
INFO: Run Behavior\BuildLiteBehavior [ RunTime:0.000068s ]
INFO: [ app_init ] --END-- [ RunTime:0.000960s ]

[ 2017-03-20T22:22:34+08:00 ] 127.0.0.1 /index.php/Home/CSchedule/personkb.html
INFO: [ app_init ] --START--
INFO: Run Behavior\BuildLiteBehavior [ RunTime:0.000070s ]
INFO: [ app_init ] --END-- [ RunTime:0.003926s ]

[ 2017-03-20T22:22:41+08:00 ] 127.0.0.1 /index.php/Home/CSchedule/personkb.html
INFO: [ app_init ] --START--
INFO: Run Behavior\BuildLiteBehavior [ RunTime:0.000061s ]
INFO: [ app_init ] --END-- [ RunTime:0.000900s ]

[ 2017-03-20T22:23:13+08:00 ] 127.0.0.1 /index.php/Home/CSchedule/personkb.html
INFO: [ app_init ] --START--
INFO: Run Behavior\BuildLiteBehavior [ RunTime:0.000046s ]
INFO: [ app_init ] --END-- [ RunTime:0.000610s ]

[ 2017-03-20T22:23:28+08:00 ] 127.0.0.1 /index.php/Home/CSchedule/personkb.html
INFO: [ app_init ] --START--
INFO: Run Behavior\BuildLiteBehavior [ RunTime:0.000066s ]
INFO: [ app_init ] --END-- [ RunTime:0.001477s ]

[ 2017-03-20T22:23:41+08:00 ] 127.0.0.1 /index.php/Home/CSchedule/personkb.html
INFO: [ app_init ] --START--
INFO: Run Behavior\BuildLiteBehavior [ RunTime:0.000116s ]
INFO: [ app_init ] --END-- [ RunTime:0.001349s ]

[ 2017-03-20T22:23:49+08:00 ] 127.0.0.1 /index.php/Home/CSchedule/personkb.html
INFO: [ app_init ] --START--
INFO: Run Behavior\BuildLiteBehavior [ RunTime:0.000072s ]
INFO: [ app_init ] --END-- [ RunTime:0.001067s ]

[ 2017-03-20T22:25:05+08:00 ] 127.0.0.1 /index.php/Home/CSchedule/personkb.html
INFO: [ app_init ] --START--
INFO: Run Behavior\BuildLiteBehavior [ RunTime:0.000076s ]
INFO: [ app_init ] --END-- [ RunTime:0.003127s ]

[ 2017-03-20T22:25:14+08:00 ] 127.0.0.1 /index.php/Home/CSchedule/personkb.html
INFO: [ app_init ] --START--
INFO: Run Behavior\BuildLiteBehavior [ RunTime:0.000067s ]
INFO: [ app_init ] --END-- [ RunTime:0.001132s ]

[ 2017-03-20T22:25:56+08:00 ] 127.0.0.1 /index.php/Home/CSchedule/personkb.html
INFO: [ app_init ] --START--
INFO: Run Behavior\BuildLiteBehavior [ RunTime:0.000073s ]
INFO: [ app_init ] --END-- [ RunTime:0.001210s ]

[ 2017-03-20T22:26:52+08:00 ] 127.0.0.1 /index.php/Home/CSchedule/personkb.html
INFO: [ app_init ] --START--
INFO: Run Behavior\BuildLiteBehavior [ RunTime:0.000071s ]
INFO: [ app_init ] --END-- [ RunTime:0.002144s ]

[ 2017-03-20T22:26:56+08:00 ] 127.0.0.1 /index.php/Home/CSchedule/personkb.html
INFO: [ app_init ] --START--
INFO: Run Behavior\BuildLiteBehavior [ RunTime:0.000069s ]
INFO: [ app_init ] --END-- [ RunTime:0.001265s ]

[ 2017-03-20T22:27:04+08:00 ] 127.0.0.1 /index.php/Home/CSchedule/personkb.html
INFO: [ app_init ] --START--
INFO: Run Behavior\BuildLiteBehavior [ RunTime:0.000067s ]
INFO: [ app_init ] --END-- [ RunTime:0.001040s ]

[ 2017-03-20T22:27:17+08:00 ] 127.0.0.1 /index.php/Home/CSchedule/personkb.html
INFO: [ app_init ] --START--
INFO: Run Behavior\BuildLiteBehavior [ RunTime:0.000074s ]
INFO: [ app_init ] --END-- [ RunTime:0.001373s ]

[ 2017-03-20T22:27:22+08:00 ] 127.0.0.1 /index.php/Home/CSchedule/personkb.html
INFO: [ app_init ] --START--
INFO: Run Behavior\BuildLiteBehavior [ RunTime:0.000076s ]
INFO: [ app_init ] --END-- [ RunTime:0.001068s ]

[ 2017-03-20T22:27:46+08:00 ] 127.0.0.1 /index.php/Home/CSchedule/personkb.html
INFO: [ app_init ] --START--
INFO: Run Behavior\BuildLiteBehavior [ RunTime:0.000080s ]
INFO: [ app_init ] --END-- [ RunTime:0.001974s ]

[ 2017-03-20T22:28:04+08:00 ] 127.0.0.1 /index.php/Home/CSchedule/personkb.html
INFO: [ app_init ] --START--
INFO: Run Behavior\BuildLiteBehavior [ RunTime:0.000069s ]
INFO: [ app_init ] --END-- [ RunTime:0.014509s ]

[ 2017-03-20T22:29:14+08:00 ] 127.0.0.1 /index.php/Home/CSchedule/personkb.html
INFO: [ app_init ] --START--
INFO: Run Behavior\BuildLiteBehavior [ RunTime:0.000430s ]
INFO: [ app_init ] --END-- [ RunTime:0.008530s ]

[ 2017-03-20T22:29:28+08:00 ] 127.0.0.1 /index.php/Home/CSchedule/personkb.html
INFO: [ app_init ] --START--
INFO: Run Behavior\BuildLiteBehavior [ RunTime:0.000079s ]
INFO: [ app_init ] --END-- [ RunTime:0.004017s ]

[ 2017-03-20T22:29:36+08:00 ] 127.0.0.1 /index.php/Home/CSchedule/personkb.html
INFO: [ app_init ] --START--
INFO: Run Behavior\BuildLiteBehavior [ RunTime:0.000070s ]
INFO: [ app_init ] --END-- [ RunTime:0.001302s ]

[ 2017-03-20T22:29:50+08:00 ] 127.0.0.1 /index.php/Home/CSchedule/personkb.html
INFO: [ app_init ] --START--
INFO: Run Behavior\BuildLiteBehavior [ RunTime:0.000079s ]
INFO: [ app_init ] --END-- [ RunTime:0.002005s ]

[ 2017-03-20T22:30:50+08:00 ] 127.0.0.1 /index.php/Home/CSchedule/personkb.html
INFO: [ app_init ] --START--
INFO: Run Behavior\BuildLiteBehavior [ RunTime:0.000059s ]
INFO: [ app_init ] --END-- [ RunTime:0.001309s ]

[ 2017-03-20T22:32:40+08:00 ] 127.0.0.1 /index.php/Home/CSchedule/personkb.html
INFO: [ app_init ] --START--
INFO: Run Behavior\BuildLiteBehavior [ RunTime:0.000062s ]
INFO: [ app_init ] --END-- [ RunTime:0.000872s ]

[ 2017-03-20T22:34:28+08:00 ] 127.0.0.1 /index.php/Home/CSchedule/personkb.html
INFO: [ app_init ] --START--
INFO: Run Behavior\BuildLiteBehavior [ RunTime:0.000066s ]
INFO: [ app_init ] --END-- [ RunTime:0.002468s ]

[ 2017-03-20T22:35:55+08:00 ] 127.0.0.1 /index.php/Home/CSchedule/personkb.html
INFO: [ app_init ] --START--
INFO: Run Behavior\BuildLiteBehavior [ RunTime:0.000074s ]
INFO: [ app_init ] --END-- [ RunTime:0.001108s ]

[ 2017-03-20T22:36:10+08:00 ] 127.0.0.1 /index.php/Home/CSchedule/personkb.html
INFO: [ app_init ] --START--
INFO: Run Behavior\BuildLiteBehavior [ RunTime:0.000071s ]
INFO: [ app_init ] --END-- [ RunTime:0.000962s ]

[ 2017-03-20T22:36:28+08:00 ] 127.0.0.1 /index.php/Home/CSchedule/personkb.html
INFO: [ app_init ] --START--
INFO: Run Behavior\BuildLiteBehavior [ RunTime:0.000054s ]
INFO: [ app_init ] --END-- [ RunTime:0.000906s ]

[ 2017-03-20T22:37:11+08:00 ] 127.0.0.1 /index.php/Home/CSchedule/personkb.html
INFO: [ app_init ] --START--
INFO: Run Behavior\BuildLiteBehavior [ RunTime:0.000092s ]
INFO: [ app_init ] --END-- [ RunTime:0.003902s ]

[ 2017-03-20T22:37:42+08:00 ] 127.0.0.1 /index.php/Home/CSchedule/personkb.html
INFO: [ app_init ] --START--
INFO: Run Behavior\BuildLiteBehavior [ RunTime:0.000065s ]
INFO: [ app_init ] --END-- [ RunTime:0.001177s ]

[ 2017-03-20T22:37:53+08:00 ] 127.0.0.1 /index.php/Home/CSchedule/personkb.html
INFO: [ app_init ] --START--
INFO: Run Behavior\BuildLiteBehavior [ RunTime:0.000081s ]
INFO: [ app_init ] --END-- [ RunTime:0.001049s ]

[ 2017-03-20T22:38:13+08:00 ] 127.0.0.1 /index.php/Home/CSchedule/personkb.html
INFO: [ app_init ] --START--
INFO: Run Behavior\BuildLiteBehavior [ RunTime:0.000062s ]
INFO: [ app_init ] --END-- [ RunTime:0.000767s ]

[ 2017-03-20T22:38:17+08:00 ] 127.0.0.1 /index.php/Home/CSchedule/personkb.html
INFO: [ app_init ] --START--
INFO: Run Behavior\BuildLiteBehavior [ RunTime:0.000080s ]
INFO: [ app_init ] --END-- [ RunTime:0.001064s ]

[ 2017-03-20T22:38:50+08:00 ] 127.0.0.1 /index.php/Home/CSchedule/personkb.html
INFO: [ app_init ] --START--
INFO: Run Behavior\BuildLiteBehavior [ RunTime:0.000052s ]
INFO: [ app_init ] --END-- [ RunTime:0.000664s ]

[ 2017-03-20T22:39:58+08:00 ] 127.0.0.1 /index.php/Home/CSchedule/personkb.html
INFO: [ app_init ] --START--
INFO: Run Behavior\BuildLiteBehavior [ RunTime:0.000065s ]
INFO: [ app_init ] --END-- [ RunTime:0.000943s ]

[ 2017-03-20T22:40:45+08:00 ] 127.0.0.1 /index.php/Home/CSchedule/personkb.html
INFO: [ app_init ] --START--
INFO: Run Behavior\BuildLiteBehavior [ RunTime:0.000065s ]
INFO: [ app_init ] --END-- [ RunTime:0.000977s ]

[ 2017-03-20T22:41:34+08:00 ] 127.0.0.1 /index.php/Home/CSchedule/personkb.html
INFO: [ app_init ] --START--
INFO: Run Behavior\BuildLiteBehavior [ RunTime:0.000054s ]
INFO: [ app_init ] --END-- [ RunTime:0.000628s ]

[ 2017-03-20T22:42:07+08:00 ] 127.0.0.1 /index.php/Home/CSchedule/personkb.html
INFO: [ app_init ] --START--
INFO: Run Behavior\BuildLiteBehavior [ RunTime:0.000072s ]
INFO: [ app_init ] --END-- [ RunTime:0.000991s ]

[ 2017-03-20T22:42:14+08:00 ] 127.0.0.1 /index.php/Home/CSchedule/personkb.html
INFO: [ app_init ] --START--
INFO: Run Behavior\BuildLiteBehavior [ RunTime:0.000050s ]
INFO: [ app_init ] --END-- [ RunTime:0.000685s ]

[ 2017-03-20T22:42:14+08:00 ] 127.0.0.1 /index.php/Home/CSchedule/personkb.html
INFO: [ app_init ] --START--
INFO: Run Behavior\BuildLiteBehavior [ RunTime:0.000077s ]
INFO: [ app_init ] --END-- [ RunTime:0.001021s ]

[ 2017-03-20T22:42:22+08:00 ] 127.0.0.1 /index.php/Home/CSchedule/personkb.html
INFO: [ app_init ] --START--
INFO: Run Behavior\BuildLiteBehavior [ RunTime:0.000071s ]
INFO: [ app_init ] --END-- [ RunTime:0.000915s ]

[ 2017-03-20T22:43:48+08:00 ] 127.0.0.1 /index.php/Home/CSchedule/personkb.html
INFO: [ app_init ] --START--
INFO: Run Behavior\BuildLiteBehavior [ RunTime:0.000072s ]
INFO: [ app_init ] --END-- [ RunTime:0.001031s ]

[ 2017-03-20T22:43:54+08:00 ] 127.0.0.1 /index.php/Home/CSchedule/personkb.html
INFO: [ app_init ] --START--
INFO: Run Behavior\BuildLiteBehavior [ RunTime:0.000076s ]
INFO: [ app_init ] --END-- [ RunTime:0.001153s ]

[ 2017-03-20T22:44:22+08:00 ] 127.0.0.1 /index.php/Home/CSchedule/personkb.html
INFO: [ app_init ] --START--
INFO: Run Behavior\BuildLiteBehavior [ RunTime:0.000047s ]
INFO: [ app_init ] --END-- [ RunTime:0.000694s ]

[ 2017-03-20T22:45:14+08:00 ] 127.0.0.1 /index.php/Home/CSchedule/personkb.html
INFO: [ app_init ] --START--
INFO: Run Behavior\BuildLiteBehavior [ RunTime:0.000109s ]
INFO: [ app_init ] --END-- [ RunTime:0.001310s ]

[ 2017-03-20T22:56:09+08:00 ] 127.0.0.1 /index.php/Home/CSchedule/personkb.html
INFO: [ app_init ] --START--
INFO: Run Behavior\BuildLiteBehavior [ RunTime:0.000050s ]
INFO: [ app_init ] --END-- [ RunTime:0.000706s ]

[ 2017-03-20T22:56:16+08:00 ] 127.0.0.1 /index.php/Home/CSchedule/personkb.html
INFO: [ app_init ] --START--
INFO: Run Behavior\BuildLiteBehavior [ RunTime:0.000228s ]
INFO: [ app_init ] --END-- [ RunTime:0.001540s ]

[ 2017-03-20T22:57:05+08:00 ] 127.0.0.1 /index.php/Home/CSchedule/personkb.html
INFO: [ app_init ] --START--
INFO: Run Behavior\BuildLiteBehavior [ RunTime:0.000047s ]
INFO: [ app_init ] --END-- [ RunTime:0.000640s ]

[ 2017-03-20T23:02:37+08:00 ] 127.0.0.1 /index.php/Home/CSchedule/personkb.html
INFO: [ app_init ] --START--
INFO: Run Behavior\BuildLiteBehavior [ RunTime:0.000076s ]
INFO: [ app_init ] --END-- [ RunTime:0.001107s ]

[ 2017-03-20T23:03:54+08:00 ] 127.0.0.1 /index.php/Home/CSchedule/personkb.html
INFO: [ app_init ] --START--
INFO: Run Behavior\BuildLiteBehavior [ RunTime:0.000718s ]
INFO: [ app_init ] --END-- [ RunTime:0.002025s ]
ERR: 请求发生错误：Failed to connect to app.hnis.org port 80: Host unreachable

[ 2017-03-20T23:04:15+08:00 ] 127.0.0.1 /index.php/Home/CSchedule/personkb.html
INFO: [ app_init ] --START--
INFO: Run Behavior\BuildLiteBehavior [ RunTime:0.000336s ]
INFO: [ app_init ] --END-- [ RunTime:0.002132s ]
ERR: 请求发生错误：Failed to connect to app.hnis.org port 80: Host unreachable

[ 2017-03-20T23:06:54+08:00 ] 127.0.0.1 /index.php/Home/CSchedule/personkb.html
INFO: [ app_init ] --START--
INFO: Run Behavior\BuildLiteBehavior [ RunTime:0.000090s ]
INFO: [ app_init ] --END-- [ RunTime:0.001361s ]
ERR: 请求发生错误：Could not resolve host: app.hnis.org

[ 2017-03-20T23:07:34+08:00 ] 127.0.0.1 /index.php/Home/CSchedule/personkb.html
INFO: [ app_init ] --START--
INFO: Run Behavior\BuildLiteBehavior [ RunTime:0.000100s ]
INFO: [ app_init ] --END-- [ RunTime:0.001719s ]

[ 2017-03-20T23:07:43+08:00 ] 127.0.0.1 /index.php/Home/CSchedule/personkb.html
INFO: [ app_init ] --START--
INFO: Run Behavior\BuildLiteBehavior [ RunTime:0.000083s ]
INFO: [ app_init ] --END-- [ RunTime:0.001081s ]

[ 2017-03-20T23:08:10+08:00 ] 127.0.0.1 /index.php/Home/CSchedule/personkb.html
INFO: [ app_init ] --START--
INFO: Run Behavior\BuildLiteBehavior [ RunTime:0.000088s ]
INFO: [ app_init ] --END-- [ RunTime:0.001181s ]

[ 2017-03-20T23:08:28+08:00 ] 127.0.0.1 /index.php/Home/CSchedule/personkb.html
INFO: [ app_init ] --START--
INFO: Run Behavior\BuildLiteBehavior [ RunTime:0.000085s ]
INFO: [ app_init ] --END-- [ RunTime:0.001294s ]

[ 2017-03-20T23:08:43+08:00 ] 127.0.0.1 /index.php/Home/CSchedule/personkb.html
INFO: [ app_init ] --START--
INFO: Run Behavior\BuildLiteBehavior [ RunTime:0.000090s ]
INFO: [ app_init ] --END-- [ RunTime:0.001040s ]

[ 2017-03-20T23:09:34+08:00 ] 127.0.0.1 /index.php/Home/CSchedule/personkb.html
INFO: [ app_init ] --START--
INFO: Run Behavior\BuildLiteBehavior [ RunTime:0.000082s ]
INFO: [ app_init ] --END-- [ RunTime:0.001287s ]

[ 2017-03-20T23:10:43+08:00 ] 127.0.0.1 /index.php/Home/CSchedule/personkb.html
INFO: [ app_init ] --START--
INFO: Run Behavior\BuildLiteBehavior [ RunTime:0.000086s ]
INFO: [ app_init ] --END-- [ RunTime:0.001188s ]

[ 2017-03-20T23:11:34+08:00 ] 127.0.0.1 /index.php/Home/CSchedule/personkb.html
INFO: [ app_init ] --START--
INFO: Run Behavior\BuildLiteBehavior [ RunTime:0.000059s ]
INFO: [ app_init ] --END-- [ RunTime:0.000842s ]

[ 2017-03-20T23:11:52+08:00 ] 127.0.0.1 /index.php/Home/CSchedule/personkb.html
INFO: [ app_init ] --START--
INFO: Run Behavior\BuildLiteBehavior [ RunTime:0.000069s ]
INFO: [ app_init ] --END-- [ RunTime:0.000990s ]

[ 2017-03-20T23:12:14+08:00 ] 127.0.0.1 /index.php/Home/CSchedule/personkb.html
INFO: [ app_init ] --START--
INFO: Run Behavior\BuildLiteBehavior [ RunTime:0.000134s ]
INFO: [ app_init ] --END-- [ RunTime:0.001638s ]

[ 2017-03-20T23:12:45+08:00 ] 127.0.0.1 /index.php/Home/CSchedule/personkb.html
INFO: [ app_init ] --START--
INFO: Run Behavior\BuildLiteBehavior [ RunTime:0.000078s ]
INFO: [ app_init ] --END-- [ RunTime:0.001033s ]

[ 2017-03-20T23:13:49+08:00 ] 127.0.0.1 /index.php/Home/CSchedule/personkb.html
INFO: [ app_init ] --START--
INFO: Run Behavior\BuildLiteBehavior [ RunTime:0.000092s ]
INFO: [ app_init ] --END-- [ RunTime:0.001272s ]

[ 2017-03-20T23:14:07+08:00 ] 127.0.0.1 /index.php/Home/CSchedule/personkb.html
INFO: [ app_init ] --START--
INFO: Run Behavior\BuildLiteBehavior [ RunTime:0.000063s ]
INFO: [ app_init ] --END-- [ RunTime:0.000860s ]

[ 2017-03-20T23:14:51+08:00 ] 127.0.0.1 /index.php/Home/CSchedule/personkb.html
INFO: [ app_init ] --START--
INFO: Run Behavior\BuildLiteBehavior [ RunTime:0.000078s ]
INFO: [ app_init ] --END-- [ RunTime:0.001148s ]

[ 2017-03-20T23:16:03+08:00 ] 127.0.0.1 /index.php/Home/CSchedule/personkb.html
INFO: [ app_init ] --START--
INFO: Run Behavior\BuildLiteBehavior [ RunTime:0.000064s ]
INFO: [ app_init ] --END-- [ RunTime:0.000935s ]

[ 2017-03-20T23:17:35+08:00 ] 127.0.0.1 /index.php/Home/CSchedule/personkb.html
INFO: [ app_init ] --START--
INFO: Run Behavior\BuildLiteBehavior [ RunTime:0.000088s ]
INFO: [ app_init ] --END-- [ RunTime:0.001441s ]

