[ 2017-03-18T03:58:52+08:00 ] 127.0.0.1 /favicon.ico
INFO: [ app_init ] --START--
INFO: Run Behavior\BuildLiteBehavior [ RunTime:0.000078s ]
INFO: [ app_init ] --END-- [ RunTime:0.001071s ]
ERR: 无法加载模块:Favicon

[ 2017-03-18T10:01:44+08:00 ] 127.0.0.1 /css/style.css
INFO: [ app_init ] --START--
INFO: Run Behavior\BuildLiteBehavior [ RunTime:0.000097s ]
INFO: [ app_init ] --END-- [ RunTime:0.001810s ]
ERR: 无法加载模块:Css

[ 2017-03-18T10:01:45+08:00 ] 127.0.0.1 /images/cj.png
INFO: [ app_init ] --START--
INFO: Run Behavior\BuildLiteBehavior [ RunTime:0.000089s ]
INFO: [ app_init ] --END-- [ RunTime:0.001470s ]
ERR: 无法加载模块:Images

[ 2017-03-18T10:01:45+08:00 ] 127.0.0.1 /images/kb.png
INFO: [ app_init ] --START--
INFO: Run Behavior\BuildLiteBehavior [ RunTime:0.000088s ]
INFO: [ app_init ] --END-- [ RunTime:0.001136s ]
ERR: 无法加载模块:Images

[ 2017-03-18T10:01:45+08:00 ] 127.0.0.1 /images/df.png
INFO: [ app_init ] --START--
INFO: Run Behavior\BuildLiteBehavior [ RunTime:0.000079s ]
INFO: [ app_init ] --END-- [ RunTime:0.001213s ]
ERR: 无法加载模块:Images

[ 2017-03-18T10:01:45+08:00 ] 127.0.0.1 /images/ts.png
INFO: [ app_init ] --START--
INFO: Run Behavior\BuildLiteBehavior [ RunTime:0.000089s ]
INFO: [ app_init ] --END-- [ RunTime:0.001364s ]
ERR: 无法加载模块:Images

[ 2017-03-18T10:01:45+08:00 ] 127.0.0.1 /css/style.css
INFO: [ app_init ] --START--
INFO: Run Behavior\BuildLiteBehavior [ RunTime:0.000099s ]
INFO: [ app_init ] --END-- [ RunTime:0.005620s ]
ERR: 无法加载模块:Css

[ 2017-03-18T10:01:45+08:00 ] 127.0.0.1 /images/ykt.png
INFO: [ app_init ] --START--
INFO: Run Behavior\BuildLiteBehavior [ RunTime:0.000086s ]
INFO: [ app_init ] --END-- [ RunTime:0.001261s ]
ERR: 无法加载模块:Images

[ 2017-03-18T10:01:45+08:00 ] 127.0.0.1 /images/mm.png
INFO: [ app_init ] --START--
INFO: Run Behavior\BuildLiteBehavior [ RunTime:0.000082s ]
INFO: [ app_init ] --END-- [ RunTime:0.001190s ]
ERR: 无法加载模块:Images

[ 2017-03-18T10:01:45+08:00 ] 127.0.0.1 /images/icon_tabbar.png
INFO: [ app_init ] --START--
INFO: Run Behavior\BuildLiteBehavior [ RunTime:0.000089s ]
INFO: [ app_init ] --END-- [ RunTime:0.001085s ]
ERR: 无法加载模块:Images

[ 2017-03-18T10:01:45+08:00 ] 127.0.0.1 /images/cj.png
INFO: [ app_init ] --START--
INFO: Run Behavior\BuildLiteBehavior [ RunTime:0.000078s ]
INFO: [ app_init ] --END-- [ RunTime:0.001055s ]
ERR: 无法加载模块:Images

[ 2017-03-18T10:01:45+08:00 ] 127.0.0.1 /images/kb.png
INFO: [ app_init ] --START--
INFO: Run Behavior\BuildLiteBehavior [ RunTime:0.000089s ]
INFO: [ app_init ] --END-- [ RunTime:0.001307s ]
ERR: 无法加载模块:Images

[ 2017-03-18T10:01:45+08:00 ] 127.0.0.1 /images/df.png
INFO: [ app_init ] --START--
INFO: Run Behavior\BuildLiteBehavior [ RunTime:0.000087s ]
INFO: [ app_init ] --END-- [ RunTime:0.001126s ]
ERR: 无法加载模块:Images

[ 2017-03-18T10:01:45+08:00 ] 127.0.0.1 /images/ts.png
INFO: [ app_init ] --START--
INFO: Run Behavior\BuildLiteBehavior [ RunTime:0.000081s ]
INFO: [ app_init ] --END-- [ RunTime:0.001296s ]
ERR: 无法加载模块:Images

[ 2017-03-18T10:01:46+08:00 ] 127.0.0.1 /images/ykt.png
INFO: [ app_init ] --START--
INFO: Run Behavior\BuildLiteBehavior [ RunTime:0.000088s ]
INFO: [ app_init ] --END-- [ RunTime:0.001193s ]
ERR: 无法加载模块:Images

[ 2017-03-18T10:01:46+08:00 ] 127.0.0.1 /images/mm.png
INFO: [ app_init ] --START--
INFO: Run Behavior\BuildLiteBehavior [ RunTime:0.000090s ]
INFO: [ app_init ] --END-- [ RunTime:0.001194s ]
ERR: 无法加载模块:Images

[ 2017-03-18T10:01:46+08:00 ] 127.0.0.1 /favicon.ico
INFO: [ app_init ] --START--
INFO: Run Behavior\BuildLiteBehavior [ RunTime:0.000086s ]
INFO: [ app_init ] --END-- [ RunTime:0.001037s ]
ERR: 无法加载模块:Favicon

[ 2017-03-18T10:06:25+08:00 ] 127.0.0.1 /Public/css/style.css
INFO: [ app_init ] --START--
INFO: Run Behavior\BuildLiteBehavior [ RunTime:0.000081s ]
INFO: [ app_init ] --END-- [ RunTime:0.001239s ]
ERR: 无法加载模块:Public

[ 2017-03-18T10:08:14+08:00 ] 127.0.0.1 /Public/css/style.css
INFO: [ app_init ] --START--
INFO: Run Behavior\BuildLiteBehavior [ RunTime:0.000089s ]
INFO: [ app_init ] --END-- [ RunTime:0.001079s ]
ERR: 无法加载模块:Public

[ 2017-03-18T10:08:14+08:00 ] 127.0.0.1 /Public/css/style.css
INFO: [ app_init ] --START--
INFO: Run Behavior\BuildLiteBehavior [ RunTime:0.000078s ]
INFO: [ app_init ] --END-- [ RunTime:0.001189s ]
ERR: 无法加载模块:Public

[ 2017-03-18T10:09:07+08:00 ] 127.0.0.1 /Public/css/style.css
INFO: [ app_init ] --START--
INFO: Run Behavior\BuildLiteBehavior [ RunTime:0.000083s ]
INFO: [ app_init ] --END-- [ RunTime:0.001221s ]
ERR: 无法加载模块:Public

[ 2017-03-18T10:09:12+08:00 ] 127.0.0.1 /Public/css/style.css
INFO: [ app_init ] --START--
INFO: Run Behavior\BuildLiteBehavior [ RunTime:0.000087s ]
INFO: [ app_init ] --END-- [ RunTime:0.001418s ]
ERR: 无法加载模块:Public

[ 2017-03-18T10:13:04+08:00 ] 127.0.0.1 /Public/function/cjcx.php?data=cj
INFO: [ app_init ] --START--
INFO: Run Behavior\BuildLiteBehavior [ RunTime:0.000077s ]
INFO: [ app_init ] --END-- [ RunTime:0.003090s ]
ERR: 无法加载模块:Public

[ 2017-03-18T12:33:37+08:00 ] 127.0.0.1 /favicon.ico
INFO: [ app_init ] --START--
INFO: Run Behavior\BuildLiteBehavior [ RunTime:0.000102s ]
INFO: [ app_init ] --END-- [ RunTime:0.001350s ]
ERR: 无法加载模块:Favicon

[ 2017-03-18T14:27:17+08:00 ] 127.0.0.1 /U('Home/Login/checklogin')?userid=&passwd=
INFO: [ app_init ] --START--
INFO: Run Behavior\BuildLiteBehavior [ RunTime:0.000058s ]
INFO: [ app_init ] --END-- [ RunTime:0.000666s ]
ERR: 无法加载模块:U('Home

[ 2017-03-18T14:27:47+08:00 ] 127.0.0.1 /U('Home/Login/checklogin')?userid=&passwd=
INFO: [ app_init ] --START--
INFO: Run Behavior\BuildLiteBehavior [ RunTime:0.000067s ]
INFO: [ app_init ] --END-- [ RunTime:0.001041s ]
ERR: 无法加载模块:U('Home

[ 2017-03-18T14:28:34+08:00 ] 127.0.0.1 /U('Home/Login/checklogin')?userid=&passwd=
INFO: [ app_init ] --START--
INFO: Run Behavior\BuildLiteBehavior [ RunTime:0.000882s ]
INFO: [ app_init ] --END-- [ RunTime:0.002351s ]
ERR: 无法加载模块:U('Home

[ 2017-03-18T14:28:38+08:00 ] 127.0.0.1 /U('Home/Login/checklogin')?userid=&passwd=
INFO: [ app_init ] --START--
INFO: Run Behavior\BuildLiteBehavior [ RunTime:0.000073s ]
INFO: [ app_init ] --END-- [ RunTime:0.001478s ]
ERR: 无法加载模块:U('Home

[ 2017-03-18T14:28:45+08:00 ] 127.0.0.1 /U('Home/Login/checklogin')?userid=&passwd=
INFO: [ app_init ] --START--
INFO: Run Behavior\BuildLiteBehavior [ RunTime:0.000058s ]
INFO: [ app_init ] --END-- [ RunTime:0.000786s ]
ERR: 无法加载模块:U('Home

[ 2017-03-18T14:29:04+08:00 ] 127.0.0.1 /U('Home/Login/checklogin')?userid=&passwd=
INFO: [ app_init ] --START--
INFO: Run Behavior\BuildLiteBehavior [ RunTime:0.001961s ]
INFO: [ app_init ] --END-- [ RunTime:0.003489s ]
ERR: 无法加载模块:U('Home

[ 2017-03-18T14:30:23+08:00 ] 127.0.0.1 /%7B/index.php/Home/Login/handle.html%7D?userid=&passwd=
INFO: [ app_init ] --START--
INFO: Run Behavior\BuildLiteBehavior [ RunTime:0.000096s ]
INFO: [ app_init ] --END-- [ RunTime:0.001686s ]
ERR: 无法加载模块:{

[ 2017-03-18T14:30:29+08:00 ] 127.0.0.1 /U('Home/Login/checklogin')?userid=&passwd=
INFO: [ app_init ] --START--
INFO: Run Behavior\BuildLiteBehavior [ RunTime:0.000067s ]
INFO: [ app_init ] --END-- [ RunTime:0.001128s ]
ERR: 无法加载模块:U('Home

[ 2017-03-18T14:30:33+08:00 ] 127.0.0.1 /%7B/index.php/Home/Login/handle.html%7D?userid=&passwd=
INFO: [ app_init ] --START--
INFO: Run Behavior\BuildLiteBehavior [ RunTime:0.000114s ]
INFO: [ app_init ] --END-- [ RunTime:0.001673s ]
ERR: 无法加载模块:{

[ 2017-03-18T14:31:05+08:00 ] 127.0.0.1 /%7B/index.php/Home/Login/handle.html%7D?userid=&passwd=
INFO: [ app_init ] --START--
INFO: Run Behavior\BuildLiteBehavior [ RunTime:0.000047s ]
INFO: [ app_init ] --END-- [ RunTime:0.000681s ]
ERR: 无法加载模块:{

[ 2017-03-18T14:31:26+08:00 ] 127.0.0.1 /%7B/index.php/Home/Login/handle.html%7D?userid=&passwd=
INFO: [ app_init ] --START--
INFO: Run Behavior\BuildLiteBehavior [ RunTime:0.000072s ]
INFO: [ app_init ] --END-- [ RunTime:0.001101s ]
ERR: 无法加载模块:{

[ 2017-03-18T14:31:28+08:00 ] 127.0.0.1 /%7B/index.php/Home/Login/handle.html%7D?userid=&passwd=
INFO: [ app_init ] --START--
INFO: Run Behavior\BuildLiteBehavior [ RunTime:0.000091s ]
INFO: [ app_init ] --END-- [ RunTime:0.001158s ]
ERR: 无法加载模块:{

[ 2017-03-18T14:31:33+08:00 ] 127.0.0.1 /%7B/index.php/Home/Login/handle.html%7D?userid=&passwd=
INFO: [ app_init ] --START--
INFO: Run Behavior\BuildLiteBehavior [ RunTime:0.000077s ]
INFO: [ app_init ] --END-- [ RunTime:0.001166s ]
ERR: 无法加载模块:{

[ 2017-03-18T14:32:44+08:00 ] 127.0.0.1 /%7B/index.php/Home/Login/handle.html%7D?userid=123&passwd=123
INFO: [ app_init ] --START--
INFO: Run Behavior\BuildLiteBehavior [ RunTime:0.000062s ]
INFO: [ app_init ] --END-- [ RunTime:0.000866s ]
ERR: 无法加载模块:{

[ 2017-03-18T14:33:50+08:00 ] 127.0.0.1 /%7B/index.php/Home/Login/handle.html%7D?userid=123&passwd=
INFO: [ app_init ] --START--
INFO: Run Behavior\BuildLiteBehavior [ RunTime:0.000054s ]
INFO: [ app_init ] --END-- [ RunTime:0.000658s ]
ERR: 无法加载模块:{

[ 2017-03-18T14:35:47+08:00 ] 127.0.0.1 /%7B/index.php/Home/Login/handle.html%7D?userid=123&passwd=
INFO: [ app_init ] --START--
INFO: Run Behavior\BuildLiteBehavior [ RunTime:0.000074s ]
INFO: [ app_init ] --END-- [ RunTime:0.001094s ]
ERR: 无法加载模块:{

[ 2017-03-18T14:35:56+08:00 ] 127.0.0.1 /%7B/index.php/Home/Login/handle.html%7D
INFO: [ app_init ] --START--
INFO: Run Behavior\BuildLiteBehavior [ RunTime:0.000077s ]
INFO: [ app_init ] --END-- [ RunTime:0.001253s ]
ERR: 无法加载模块:{

[ 2017-03-18T14:36:04+08:00 ] 127.0.0.1 /%7B/index.php/Home/Login/handle.html%7D
INFO: [ app_init ] --START--
INFO: Run Behavior\BuildLiteBehavior [ RunTime:0.000073s ]
INFO: [ app_init ] --END-- [ RunTime:0.001176s ]
ERR: 无法加载模块:{

[ 2017-03-18T14:36:35+08:00 ] 127.0.0.1 /%7B/index.php/Home/Login/handle.html%7D
INFO: [ app_init ] --START--
INFO: Run Behavior\BuildLiteBehavior [ RunTime:0.000047s ]
INFO: [ app_init ] --END-- [ RunTime:0.000910s ]
ERR: 无法加载模块:{

[ 2017-03-18T14:40:56+08:00 ] 127.0.0.1 /%7B/index.php/Home/Login/handle%7D
INFO: [ app_init ] --START--
INFO: Run Behavior\BuildLiteBehavior [ RunTime:0.000050s ]
INFO: [ app_init ] --END-- [ RunTime:0.000677s ]
ERR: 无法加载模块:{

[ 2017-03-18T14:43:19+08:00 ] 127.0.0.1 /%7B/index.php/Home/Login/handle%7D
INFO: [ app_init ] --START--
INFO: Run Behavior\BuildLiteBehavior [ RunTime:0.000105s ]
INFO: [ app_init ] --END-- [ RunTime:0.001176s ]
ERR: 无法加载模块:{

[ 2017-03-18T14:44:19+08:00 ] 127.0.0.1 /%7B/index.php/Home/Login/handle%7D
INFO: [ app_init ] --START--
INFO: Run Behavior\BuildLiteBehavior [ RunTime:0.000052s ]
INFO: [ app_init ] --END-- [ RunTime:0.000767s ]
ERR: 无法加载模块:{

[ 2017-03-18T14:52:31+08:00 ] 127.0.0.1 /%7B/index.php/Home/Login/handle%7D
INFO: [ app_init ] --START--
INFO: Run Behavior\BuildLiteBehavior [ RunTime:0.000045s ]
INFO: [ app_init ] --END-- [ RunTime:0.000626s ]
ERR: 无法加载模块:{

[ 2017-03-18T15:16:02+08:00 ] 127.0.0.1 /%7B/index.php/Home/Login/handle%7D
INFO: [ app_init ] --START--
INFO: Run Behavior\BuildLiteBehavior [ RunTime:0.000105s ]
INFO: [ app_init ] --END-- [ RunTime:0.001241s ]
ERR: 无法加载模块:{

[ 2017-03-18T15:28:54+08:00 ] 127.0.0.1 /favicon.ico
INFO: [ app_init ] --START--
INFO: Run Behavior\BuildLiteBehavior [ RunTime:0.000064s ]
INFO: [ app_init ] --END-- [ RunTime:0.001178s ]
ERR: 无法加载模块:Favicon

[ 2017-03-18T15:28:54+08:00 ] 127.0.0.1 /favicon.ico
INFO: [ app_init ] --START--
INFO: Run Behavior\BuildLiteBehavior [ RunTime:0.000067s ]
INFO: [ app_init ] --END-- [ RunTime:0.000946s ]
ERR: 无法加载模块:Favicon

[ 2017-03-18T16:55:47+08:00 ] 127.0.0.1 /index.php/Admin/Login/index.html
INFO: [ app_init ] --START--
INFO: Run Behavior\BuildLiteBehavior [ RunTime:0.000066s ]
INFO: [ app_init ] --END-- [ RunTime:0.000884s ]
ERR: 无法加载模块:Admin

[ 2017-03-18T16:55:56+08:00 ] 127.0.0.1 /index.php/Admin/Login/index.html
INFO: [ app_init ] --START--
INFO: Run Behavior\BuildLiteBehavior [ RunTime:0.000074s ]
INFO: [ app_init ] --END-- [ RunTime:0.003789s ]
ERR: 无法加载模块:Admin

[ 2017-03-18T16:59:26+08:00 ] 127.0.0.1 /favicon.ico
INFO: [ app_init ] --START--
INFO: Run Behavior\BuildLiteBehavior [ RunTime:0.000090s ]
INFO: [ app_init ] --END-- [ RunTime:0.001211s ]
ERR: 无法加载模块:Favicon

[ 2017-03-18T19:37:46+08:00 ] 127.0.0.1 /favicon.ico
INFO: [ app_init ] --START--
INFO: Run Behavior\BuildLiteBehavior [ RunTime:0.000116s ]
INFO: [ app_init ] --END-- [ RunTime:0.001499s ]
ERR: 无法加载模块:Favicon

[ 2017-03-18T20:23:06+08:00 ] 127.0.0.1 /Public/Css/boostrap.min.css
INFO: [ app_init ] --START--
INFO: Run Behavior\BuildLiteBehavior [ RunTime:0.000080s ]
INFO: [ app_init ] --END-- [ RunTime:0.001100s ]
ERR: 无法加载模块:Public

[ 2017-03-18T20:24:38+08:00 ] 127.0.0.1 /Public/Css/boostrap.min.css
INFO: [ app_init ] --START--
INFO: Run Behavior\BuildLiteBehavior [ RunTime:0.000059s ]
INFO: [ app_init ] --END-- [ RunTime:0.001027s ]
ERR: 无法加载模块:Public

[ 2017-03-18T20:24:44+08:00 ] 127.0.0.1 /Public/Css/boostrap.min.css
INFO: [ app_init ] --START--
INFO: Run Behavior\BuildLiteBehavior [ RunTime:0.000063s ]
INFO: [ app_init ] --END-- [ RunTime:0.001043s ]
ERR: 无法加载模块:Public

